  Game.cpp
D:\University\2Course\OOP\Miner\ECS.h(145,1): warning C4267:  'return': conversion from 'size_t' to 'int', possible loss of data
D:\University\2Course\OOP\Miner\TextureComponent.h(50,79): warning C4244:  '=': conversion from 'float' to 'int', possible loss of data
D:\University\2Course\OOP\Miner\TextureComponent.h(51,79): warning C4244:  '=': conversion from 'float' to 'int', possible loss of data
D:\University\2Course\OOP\Miner\TextureComponent.h(70,79): warning C4244:  '=': conversion from 'float' to 'int', possible loss of data
D:\University\2Course\OOP\Miner\TextureComponent.h(71,79): warning C4244:  '=': conversion from 'float' to 'int', possible loss of data
D:\University\2Course\OOP\Miner\TextureComponent.h(98,83): warning C4244:  '=': conversion from 'float' to 'int', possible loss of data
D:\University\2Course\OOP\Miner\TextureComponent.h(99,83): warning C4244:  '=': conversion from 'float' to 'int', possible loss of data
D:\University\2Course\OOP\Miner\Actions.h(93,118): warning C4244:  'argument': conversion from 'double' to 'float', possible loss of data
D:\University\2Course\OOP\Miner\Actions.h(93,72): warning C4244:  'argument': conversion from 'double' to 'float', possible loss of data
D:\University\2Course\OOP\Miner\Actions.h(97,118): warning C4244:  'argument': conversion from 'double' to 'float', possible loss of data
D:\University\2Course\OOP\Miner\Actions.h(97,75): warning C4244:  'argument': conversion from 'double' to 'float', possible loss of data
D:\University\2Course\OOP\Miner\Actions.h(118,157): warning C4244:  'argument': conversion from 'double' to 'float', possible loss of data
D:\University\2Course\OOP\Miner\Actions.h(118,93): warning C4244:  'argument': conversion from 'double' to 'float', possible loss of data
D:\University\2Course\OOP\Miner\Input.h(37,1): warning C4267:  'initializing': conversion from 'size_t' to 'int', possible loss of data
D:\University\2Course\OOP\Miner\Bullet.h(15,57): warning C4244:  'argument': conversion from 'int' to 'float', possible loss of data
D:\University\2Course\OOP\Miner\Bullet.h(15,54): warning C4244:  'argument': conversion from 'int' to 'float', possible loss of data
D:\University\2Course\OOP\Miner\Bullet.h(16,71): warning C4244:  'argument': conversion from 'int' to 'float', possible loss of data
D:\University\2Course\OOP\Miner\Bullet.h(16,63): warning C4244:  'argument': conversion from 'int' to 'float', possible loss of data
D:\University\2Course\OOP\Miner\Bullet.h(31,63): warning C4244:  'argument': conversion from 'int' to 'float', possible loss of data
D:\University\2Course\OOP\Miner\Bullet.h(31,60): warning C4244:  'argument': conversion from 'int' to 'float', possible loss of data
D:\University\2Course\OOP\Miner\Bullet.h(34,67): warning C4244:  'argument': conversion from 'int' to 'float', possible loss of data
D:\University\2Course\OOP\Miner\Bullet.h(34,64): warning C4244:  'argument': conversion from 'int' to 'float', possible loss of data
D:\University\2Course\OOP\Miner\InputShoot.h(43,81): warning C4244:  'argument': conversion from 'float' to 'int', possible loss of data
D:\University\2Course\OOP\Miner\InputShoot.h(43,49): warning C4244:  'argument': conversion from 'float' to 'int', possible loss of data
D:\University\2Course\OOP\Miner\InputShoot.h(44,59): warning C4244:  'argument': conversion from 'float' to 'int', possible loss of data
D:\University\2Course\OOP\Miner\InputShoot.h(44,23): warning C4244:  'argument': conversion from 'float' to 'int', possible loss of data
D:\University\2Course\OOP\Miner\ConstMovement.h(11,62): warning C4244:  '=': conversion from 'float' to 'int', possible loss of data
D:\University\2Course\OOP\Miner\ConstMovement.h(12,62): warning C4244:  '=': conversion from 'float' to 'int', possible loss of data
D:\University\2Course\OOP\Miner\ConstMovement.h(13,68): warning C4244:  'argument': conversion from 'int' to 'float', possible loss of data
D:\University\2Course\OOP\Miner\ConstMovement.h(13,65): warning C4244:  'argument': conversion from 'int' to 'float', possible loss of data
D:\University\2Course\OOP\Miner\EnemyManager.h(72,1): warning C4267:  'initializing': conversion from 'size_t' to 'int', possible loss of data
D:\University\2Course\OOP\Miner\EnemyManager.h(95,1): warning C4267:  'initializing': conversion from 'size_t' to 'int', possible loss of data
D:\University\2Course\OOP\Miner\EnemyManager.h(109,1): warning C4267:  'initializing': conversion from 'size_t' to 'int', possible loss of data
D:\University\2Course\OOP\Miner\EnemyManager.h(123,1): warning C4267:  'initializing': conversion from 'size_t' to 'int', possible loss of data
D:\University\2Course\OOP\Miner\EnemyManager.h(141,13): warning C4244:  'argument': conversion from 'time_t' to 'unsigned int', possible loss of data
D:\University\2Course\OOP\Miner\EnemyManager.h(170,56): warning C4244:  'argument': conversion from 'int' to 'float', possible loss of data
D:\University\2Course\OOP\Miner\EnemyManager.h(170,53): warning C4244:  'argument': conversion from 'int' to 'float', possible loss of data
D:\University\2Course\OOP\Miner\EnemyManager.h(175,1): warning C4267:  'initializing': conversion from 'size_t' to 'int', possible loss of data
D:\University\2Course\OOP\Miner\EnemyManager.h(183,1): warning C4267:  'initializing': conversion from 'size_t' to 'int', possible loss of data
D:\University\2Course\OOP\Miner\LevelManager.h(7,1): warning C4005:  'KOEF': macro redefinition
D:\University\2Course\OOP\Miner\Transform.h(7): message :  see previous definition of 'KOEF'
D:\University\2Course\OOP\Miner\LevelManager.h(39,60): warning C4244:  'argument': conversion from 'int' to 'float', possible loss of data
D:\University\2Course\OOP\Miner\LevelManager.h(39,45): warning C4244:  'argument': conversion from 'int' to 'float', possible loss of data
D:\University\2Course\OOP\Miner\ECS.h(80,34): warning C4244:  'argument': conversion from 'int' to 'float', possible loss of data
  Main.cpp
D:\University\2Course\OOP\Miner\Barrier.h(11): message :  see reference to function template instantiation 'T &Entity::addComponent<Transform,int&,int&>(int &,int &)' being compiled
D:\University\2Course\OOP\Miner\Barrier.h(11): message :         with
D:\University\2Course\OOP\Miner\Barrier.h(11): message :         [
D:\University\2Course\OOP\Miner\Barrier.h(11): message :             T=Transform
D:\University\2Course\OOP\Miner\Barrier.h(11): message :         ]
D:\University\2Course\OOP\Miner\ECS.h(145,1): warning C4267:  'return': conversion from 'size_t' to 'int', possible loss of data
D:\University\2Course\OOP\Miner\TextureComponent.h(50,79): warning C4244:  '=': conversion from 'float' to 'int', possible loss of data
D:\University\2Course\OOP\Miner\TextureComponent.h(51,79): warning C4244:  '=': conversion from 'float' to 'int', possible loss of data
D:\University\2Course\OOP\Miner\TextureComponent.h(70,79): warning C4244:  '=': conversion from 'float' to 'int', possible loss of data
D:\University\2Course\OOP\Miner\TextureComponent.h(71,79): warning C4244:  '=': conversion from 'float' to 'int', possible loss of data
D:\University\2Course\OOP\Miner\TextureComponent.h(98,83): warning C4244:  '=': conversion from 'float' to 'int', possible loss of data
D:\University\2Course\OOP\Miner\TextureComponent.h(99,83): warning C4244:  '=': conversion from 'float' to 'int', possible loss of data
D:\University\2Course\OOP\Miner\Actions.h(93,118): warning C4244:  'argument': conversion from 'double' to 'float', possible loss of data
D:\University\2Course\OOP\Miner\Actions.h(93,72): warning C4244:  'argument': conversion from 'double' to 'float', possible loss of data
D:\University\2Course\OOP\Miner\Actions.h(97,118): warning C4244:  'argument': conversion from 'double' to 'float', possible loss of data
D:\University\2Course\OOP\Miner\Actions.h(97,75): warning C4244:  'argument': conversion from 'double' to 'float', possible loss of data
D:\University\2Course\OOP\Miner\Actions.h(118,157): warning C4244:  'argument': conversion from 'double' to 'float', possible loss of data
D:\University\2Course\OOP\Miner\Actions.h(118,93): warning C4244:  'argument': conversion from 'double' to 'float', possible loss of data
D:\University\2Course\OOP\Miner\Input.h(37,1): warning C4267:  'initializing': conversion from 'size_t' to 'int', possible loss of data
D:\University\2Course\OOP\Miner\Bullet.h(15,57): warning C4244:  'argument': conversion from 'int' to 'float', possible loss of data
D:\University\2Course\OOP\Miner\Bullet.h(15,54): warning C4244:  'argument': conversion from 'int' to 'float', possible loss of data
D:\University\2Course\OOP\Miner\Bullet.h(16,71): warning C4244:  'argument': conversion from 'int' to 'float', possible loss of data
D:\University\2Course\OOP\Miner\Bullet.h(16,63): warning C4244:  'argument': conversion from 'int' to 'float', possible loss of data
D:\University\2Course\OOP\Miner\Bullet.h(31,63): warning C4244:  'argument': conversion from 'int' to 'float', possible loss of data
D:\University\2Course\OOP\Miner\Bullet.h(31,60): warning C4244:  'argument': conversion from 'int' to 'float', possible loss of data
D:\University\2Course\OOP\Miner\Bullet.h(34,67): warning C4244:  'argument': conversion from 'int' to 'float', possible loss of data
D:\University\2Course\OOP\Miner\Bullet.h(34,64): warning C4244:  'argument': conversion from 'int' to 'float', possible loss of data
D:\University\2Course\OOP\Miner\InputShoot.h(43,81): warning C4244:  'argument': conversion from 'float' to 'int', possible loss of data
D:\University\2Course\OOP\Miner\InputShoot.h(43,49): warning C4244:  'argument': conversion from 'float' to 'int', possible loss of data
D:\University\2Course\OOP\Miner\InputShoot.h(44,59): warning C4244:  'argument': conversion from 'float' to 'int', possible loss of data
D:\University\2Course\OOP\Miner\InputShoot.h(44,23): warning C4244:  'argument': conversion from 'float' to 'int', possible loss of data
D:\University\2Course\OOP\Miner\ConstMovement.h(11,62): warning C4244:  '=': conversion from 'float' to 'int', possible loss of data
D:\University\2Course\OOP\Miner\ConstMovement.h(12,62): warning C4244:  '=': conversion from 'float' to 'int', possible loss of data
D:\University\2Course\OOP\Miner\ConstMovement.h(13,68): warning C4244:  'argument': conversion from 'int' to 'float', possible loss of data
D:\University\2Course\OOP\Miner\ConstMovement.h(13,65): warning C4244:  'argument': conversion from 'int' to 'float', possible loss of data
D:\University\2Course\OOP\Miner\EnemyManager.h(72,1): warning C4267:  'initializing': conversion from 'size_t' to 'int', possible loss of data
D:\University\2Course\OOP\Miner\EnemyManager.h(95,1): warning C4267:  'initializing': conversion from 'size_t' to 'int', possible loss of data
D:\University\2Course\OOP\Miner\EnemyManager.h(109,1): warning C4267:  'initializing': conversion from 'size_t' to 'int', possible loss of data
D:\University\2Course\OOP\Miner\EnemyManager.h(123,1): warning C4267:  'initializing': conversion from 'size_t' to 'int', possible loss of data
D:\University\2Course\OOP\Miner\EnemyManager.h(141,13): warning C4244:  'argument': conversion from 'time_t' to 'unsigned int', possible loss of data
D:\University\2Course\OOP\Miner\EnemyManager.h(170,56): warning C4244:  'argument': conversion from 'int' to 'float', possible loss of data
D:\University\2Course\OOP\Miner\EnemyManager.h(170,53): warning C4244:  'argument': conversion from 'int' to 'float', possible loss of data
D:\University\2Course\OOP\Miner\EnemyManager.h(175,1): warning C4267:  'initializing': conversion from 'size_t' to 'int', possible loss of data
D:\University\2Course\OOP\Miner\EnemyManager.h(183,1): warning C4267:  'initializing': conversion from 'size_t' to 'int', possible loss of data
D:\University\2Course\OOP\Miner\LevelManager.h(7,1): warning C4005:  'KOEF': macro redefinition
D:\University\2Course\OOP\Miner\Transform.h(7): message :  see previous definition of 'KOEF'
D:\University\2Course\OOP\Miner\LevelManager.h(39,60): warning C4244:  'argument': conversion from 'int' to 'float', possible loss of data
  Player.h
D:\University\2Course\OOP\Miner\LevelManager.h(39,45): warning C4244:  'argument': conversion from 'int' to 'float', possible loss of data
D:\University\2Course\OOP\Miner\ECS.h(145,1): warning C4267:  'return': conversion from 'size_t' to 'int', possible loss of data
D:\University\2Course\OOP\Miner\TextureComponent.h(50,79): warning C4244:  '=': conversion from 'float' to 'int', possible loss of data
D:\University\2Course\OOP\Miner\TextureComponent.h(51,79): warning C4244:  '=': conversion from 'float' to 'int', possible loss of data
D:\University\2Course\OOP\Miner\TextureComponent.h(70,79): warning C4244:  '=': conversion from 'float' to 'int', possible loss of data
D:\University\2Course\OOP\Miner\TextureComponent.h(71,79): warning C4244:  '=': conversion from 'float' to 'int', possible loss of data
D:\University\2Course\OOP\Miner\TextureComponent.h(98,83): warning C4244:  '=': conversion from 'float' to 'int', possible loss of data
D:\University\2Course\OOP\Miner\TextureComponent.h(99,83): warning C4244:  '=': conversion from 'float' to 'int', possible loss of data
D:\University\2Course\OOP\Miner\Actions.h(93,118): warning C4244:  'argument': conversion from 'double' to 'float', possible loss of data
D:\University\2Course\OOP\Miner\Actions.h(93,72): warning C4244:  'argument': conversion from 'double' to 'float', possible loss of data
D:\University\2Course\OOP\Miner\Actions.h(97,118): warning C4244:  'argument': conversion from 'double' to 'float', possible loss of data
D:\University\2Course\OOP\Miner\Actions.h(97,75): warning C4244:  'argument': conversion from 'double' to 'float', possible loss of data
D:\University\2Course\OOP\Miner\Actions.h(118,157): warning C4244:  'argument': conversion from 'double' to 'float', possible loss of data
D:\University\2Course\OOP\Miner\Actions.h(118,93): warning C4244:  'argument': conversion from 'double' to 'float', possible loss of data
D:\University\2Course\OOP\Miner\Input.h(37,1): warning C4267:  'initializing': conversion from 'size_t' to 'int', possible loss of data
D:\University\2Course\OOP\Miner\Bullet.h(15,57): warning C4244:  'argument': conversion from 'int' to 'float', possible loss of data
D:\University\2Course\OOP\Miner\Bullet.h(15,54): warning C4244:  'argument': conversion from 'int' to 'float', possible loss of data
D:\University\2Course\OOP\Miner\Bullet.h(16,71): warning C4244:  'argument': conversion from 'int' to 'float', possible loss of data
D:\University\2Course\OOP\Miner\Bullet.h(16,63): warning C4244:  'argument': conversion from 'int' to 'float', possible loss of data
D:\University\2Course\OOP\Miner\Bullet.h(31,63): warning C4244:  'argument': conversion from 'int' to 'float', possible loss of data
D:\University\2Course\OOP\Miner\Bullet.h(31,60): warning C4244:  'argument': conversion from 'int' to 'float', possible loss of data
D:\University\2Course\OOP\Miner\Bullet.h(34,67): warning C4244:  'argument': conversion from 'int' to 'float', possible loss of data
D:\University\2Course\OOP\Miner\Bullet.h(34,64): warning C4244:  'argument': conversion from 'int' to 'float', possible loss of data
D:\University\2Course\OOP\Miner\InputShoot.h(43,81): warning C4244:  'argument': conversion from 'float' to 'int', possible loss of data
D:\University\2Course\OOP\Miner\InputShoot.h(43,49): warning C4244:  'argument': conversion from 'float' to 'int', possible loss of data
D:\University\2Course\OOP\Miner\InputShoot.h(44,59): warning C4244:  'argument': conversion from 'float' to 'int', possible loss of data
D:\University\2Course\OOP\Miner\InputShoot.h(44,23): warning C4244:  'argument': conversion from 'float' to 'int', possible loss of data
D:\University\2Course\OOP\Miner\ConstMovement.h(11,62): warning C4244:  '=': conversion from 'float' to 'int', possible loss of data
D:\University\2Course\OOP\Miner\ConstMovement.h(12,62): warning C4244:  '=': conversion from 'float' to 'int', possible loss of data
D:\University\2Course\OOP\Miner\ConstMovement.h(13,68): warning C4244:  'argument': conversion from 'int' to 'float', possible loss of data
  Generating Code...
D:\University\2Course\OOP\Miner\ConstMovement.h(13,65): warning C4244:  'argument': conversion from 'int' to 'float', possible loss of data
  Miner.vcxproj -> D:\University\2Course\OOP\Miner\x64\Debug\Miner.exe
